<?xml version="1.0" encoding="UTF-8"?>
<!-- Generated by org.testng.reporters.JUnitReportReporter -->
<testsuite hostname="LAPTOP-6251B6GC" failures="0" tests="1" name="demos.AlertTesting" time="36.785" errors="0" timestamp="2022-07-31T19:01:19 IST" skipped="0">
  <testcase classname="demos.AlertTesting" name="m1" time="36.785"/>
  <system-out/>
</testsuite> <!-- demos.AlertTesting -->
