<?xml version="1.0" encoding="UTF-8"?>
<!-- Generated by org.testng.reporters.JUnitReportReporter -->
<testsuite hostname="LAPTOP-6251B6GC" failures="0" tests="3" name="testngDemo.DataProviderDemo" time="93.022" errors="0" timestamp="2022-07-30T20:52:37 IST" skipped="0">
  <testcase classname="testngDemo.DataProviderDemo" name="click_gmail" time="71.913"/>
  <system-out/>
  <testcase classname="testngDemo.DataProviderDemo" name="username_password" time="10.366"/>
  <system-out/>
  <testcase classname="testngDemo.DataProviderDemo" name="username_password" time="10.743"/>
  <system-out/>
</testsuite> <!-- testngDemo.DataProviderDemo -->
